<?xml version="1.0" encoding="UTF-8"?>
<testsuite name="com.helevator.carservicetests.commandstests.PrintRepairCommandTest" tests="3" skipped="0" failures="0" errors="0" timestamp="2021-08-18T08:06:14" hostname="DESKTOP-38S2MH9" time="0.02">
  <properties/>
  <testcase name="printRepairNoSuchIdTest()" classname="com.helevator.carservicetests.commandstests.PrintRepairCommandTest" time="0.002"/>
  <testcase name="printRepairWrongInputTest()" classname="com.helevator.carservicetests.commandstests.PrintRepairCommandTest" time="0.004"/>
  <testcase name="printRepairTest()" classname="com.helevator.carservicetests.commandstests.PrintRepairCommandTest" time="0.012"/>
  <system-out><![CDATA[Empty repairs data file.
Empty repairs data file.
Empty repairs data file.
]]></system-out>
  <system-err><![CDATA[]]></system-err>
</testsuite>
