<?xml version="1.0" encoding="UTF-8"?>
<testsuite name="com.helevator.carservicetests.repositorytests.RepairRepositoryTest" tests="5" skipped="0" failures="0" errors="0" timestamp="2021-08-18T08:06:15" hostname="DESKTOP-38S2MH9" time="0.016">
  <properties/>
  <testcase name="addRepairTest()" classname="com.helevator.carservicetests.repositorytests.RepairRepositoryTest" time="0.002"/>
  <testcase name="containsRepair()" classname="com.helevator.carservicetests.repositorytests.RepairRepositoryTest" time="0.001"/>
  <testcase name="doesNotContainRepair()" classname="com.helevator.carservicetests.repositorytests.RepairRepositoryTest" time="0.0"/>
  <testcase name="addItemToRepair()" classname="com.helevator.carservicetests.repositorytests.RepairRepositoryTest" time="0.003"/>
  <testcase name="readRepairsData()" classname="com.helevator.carservicetests.repositorytests.RepairRepositoryTest" time="0.004"/>
  <system-out><![CDATA[Empty repairs data file.
Empty repairs data file.
Empty repairs data file.
Empty repairs data file.
Empty repairs data file.
]]></system-out>
  <system-err><![CDATA[]]></system-err>
</testsuite>
