<?xml version="1.0" encoding="UTF-8"?>
<testsuite name="com.helevator.carservicetests.validationtests.repairvalidation.RepairDateValidationTest" tests="2" skipped="0" failures="0" errors="0" timestamp="2021-08-18T08:06:15" hostname="DESKTOP-38S2MH9" time="0.003">
  <properties/>
  <testcase name="validateDateTest()" classname="com.helevator.carservicetests.validationtests.repairvalidation.RepairDateValidationTest" time="0.0"/>
  <testcase name="wrongDateFormatExceptionTest()" classname="com.helevator.carservicetests.validationtests.repairvalidation.RepairDateValidationTest" time="0.002"/>
  <system-out><![CDATA[]]></system-out>
  <system-err><![CDATA[]]></system-err>
</testsuite>
