<?xml version="1.0" encoding="UTF-8"?>
<testsuite name="com.helevator.carservicetests.serializationtest.JSONSerializerTest" tests="2" skipped="0" failures="0" errors="0" timestamp="2021-08-18T08:06:15" hostname="DESKTOP-38S2MH9" time="0.137">
  <properties/>
  <testcase name="writeAndReadObjectsFromJsonFileTest()" classname="com.helevator.carservicetests.serializationtest.JSONSerializerTest" time="0.116"/>
  <testcase name="repairsWithMissingFieldsTest()" classname="com.helevator.carservicetests.serializationtest.JSONSerializerTest" time="0.008"/>
  <system-out><![CDATA[]]></system-out>
  <system-err><![CDATA[]]></system-err>
</testsuite>
