<?xml version="1.0" encoding="UTF-8"?>
<testsuite name="com.helevator.carservicetests.validationtests.carvalidation.YearValidationTest" tests="4" skipped="0" failures="0" errors="0" timestamp="2021-08-18T08:06:15" hostname="DESKTOP-38S2MH9" time="0.01">
  <properties/>
  <testcase name="yearAfterCurrentYearExceptionTest()" classname="com.helevator.carservicetests.validationtests.carvalidation.YearValidationTest" time="0.002"/>
  <testcase name="yearNotANumberExceptionTest()" classname="com.helevator.carservicetests.validationtests.carvalidation.YearValidationTest" time="0.004"/>
  <testcase name="yearBeforeFirstCarExceptionTest()" classname="com.helevator.carservicetests.validationtests.carvalidation.YearValidationTest" time="0.001"/>
  <testcase name="validateYearTest()" classname="com.helevator.carservicetests.validationtests.carvalidation.YearValidationTest" time="0.0"/>
  <system-out><![CDATA[]]></system-out>
  <system-err><![CDATA[]]></system-err>
</testsuite>
