<?xml version="1.0" encoding="UTF-8"?>
<testsuite name="com.helevator.carservicetests.validationtests.itemvalidation.ItemQuantityValidationTest" tests="3" skipped="0" failures="0" errors="0" timestamp="2021-08-18T08:06:15" hostname="DESKTOP-38S2MH9" time="0.003">
  <properties/>
  <testcase name="validateItemQuantityTest()" classname="com.helevator.carservicetests.validationtests.itemvalidation.ItemQuantityValidationTest" time="0.0"/>
  <testcase name="itemQuantityUnder0ExceptionTest()" classname="com.helevator.carservicetests.validationtests.itemvalidation.ItemQuantityValidationTest" time="0.001"/>
  <testcase name="itemQuantityParseExceptionTest()" classname="com.helevator.carservicetests.validationtests.itemvalidation.ItemQuantityValidationTest" time="0.001"/>
  <system-out><![CDATA[]]></system-out>
  <system-err><![CDATA[]]></system-err>
</testsuite>
