<?xml version="1.0" encoding="UTF-8"?>
<testsuite name="com.helevator.carservicetests.commandstests.AddRepairCommandTest" tests="3" skipped="0" failures="0" errors="0" timestamp="2021-08-18T08:06:14" hostname="DESKTOP-38S2MH9" time="0.015">
  <properties/>
  <testcase name="addRepairTest()" classname="com.helevator.carservicetests.commandstests.AddRepairCommandTest" time="0.009"/>
  <testcase name="addRepairWithNoCarInRepository()" classname="com.helevator.carservicetests.commandstests.AddRepairCommandTest" time="0.001"/>
  <testcase name="addRepairWrongInputTest()" classname="com.helevator.carservicetests.commandstests.AddRepairCommandTest" time="0.001"/>
  <system-out><![CDATA[Empty cars data file.
Empty repairs data file.
Empty cars data file.
Empty repairs data file.
Empty cars data file.
Empty repairs data file.
]]></system-out>
  <system-err><![CDATA[]]></system-err>
</testsuite>
