<?xml version="1.0" encoding="UTF-8"?>
<testsuite name="com.helevator.carservicetests.commandstests.AddItemCommandTest" tests="3" skipped="0" failures="0" errors="0" timestamp="2021-08-18T08:06:14" hostname="DESKTOP-38S2MH9" time="0.023">
  <properties/>
  <testcase name="addItemWrongInputTest()" classname="com.helevator.carservicetests.commandstests.AddItemCommandTest" time="0.001"/>
  <testcase name="addItemNoSuchIdTest()" classname="com.helevator.carservicetests.commandstests.AddItemCommandTest" time="0.013"/>
  <testcase name="addItemTest()" classname="com.helevator.carservicetests.commandstests.AddItemCommandTest" time="0.006"/>
  <system-out><![CDATA[Empty repairs data file.
Empty repairs data file.
Empty repairs data file.
]]></system-out>
  <system-err><![CDATA[]]></system-err>
</testsuite>
