<?xml version="1.0" encoding="UTF-8"?>
<testsuite name="com.helevator.carservicetests.validationtests.carvalidation.VinValidationTest" tests="5" skipped="0" failures="0" errors="0" timestamp="2021-08-18T08:06:15" hostname="DESKTOP-38S2MH9" time="0.007">
  <properties/>
  <testcase name="vinWithQExceptionTest()" classname="com.helevator.carservicetests.validationtests.carvalidation.VinValidationTest" time="0.001"/>
  <testcase name="vinWithOExceptionTest()" classname="com.helevator.carservicetests.validationtests.carvalidation.VinValidationTest" time="0.001"/>
  <testcase name="vinOverMaxLengthExceptionTest()" classname="com.helevator.carservicetests.validationtests.carvalidation.VinValidationTest" time="0.001"/>
  <testcase name="validateVinTest()" classname="com.helevator.carservicetests.validationtests.carvalidation.VinValidationTest" time="0.0"/>
  <testcase name="vinWithIExceptionTest()" classname="com.helevator.carservicetests.validationtests.carvalidation.VinValidationTest" time="0.001"/>
  <system-out><![CDATA[]]></system-out>
  <system-err><![CDATA[]]></system-err>
</testsuite>
